\BOOKMARK [1][-]{section.1}{Antecedentes}{}% 1
\BOOKMARK [2][-]{subsection.1.1}{Representaci\363n Musical}{section.1}% 2
\BOOKMARK [2][-]{subsection.1.2}{Optical Music Recognition \(OMR\)}{section.1}% 3
\BOOKMARK [2][-]{subsection.1.3}{Kern y Mens}{section.1}% 4
\BOOKMARK [2][-]{subsection.1.4}{Gram\341tica}{section.1}% 5
\BOOKMARK [1][-]{section.2}{Banco de ejemplos}{}% 6
\BOOKMARK [2][-]{subsection.2.1}{SKERN}{section.2}% 7
\BOOKMARK [3][-]{subsubsection.2.1.1}{Accidents}{subsection.2.1}% 8
\BOOKMARK [3][-]{subsubsection.2.1.2}{Articulations}{subsection.2.1}% 9
\BOOKMARK [3][-]{subsubsection.2.1.3}{Dots}{subsection.2.1}% 10
\BOOKMARK [3][-]{subsubsection.2.1.4}{Barlines}{subsection.2.1}% 11
\BOOKMARK [3][-]{subsubsection.2.1.5}{Beaming}{subsection.2.1}% 12
\BOOKMARK [3][-]{subsubsection.2.1.6}{Meter}{subsection.2.1}% 13
\BOOKMARK [3][-]{subsubsection.2.1.7}{Keysignature}{subsection.2.1}% 14
\BOOKMARK [3][-]{subsubsection.2.1.8}{Notes}{subsection.2.1}% 15
\BOOKMARK [3][-]{subsubsection.2.1.9}{Ornaments}{subsection.2.1}% 16
\BOOKMARK [3][-]{subsubsection.2.1.10}{Rests}{subsection.2.1}% 17
\BOOKMARK [3][-]{subsubsection.2.1.11}{Rhythm}{subsection.2.1}% 18
\BOOKMARK [3][-]{subsubsection.2.1.12}{Slurs}{subsection.2.1}% 19
\BOOKMARK [3][-]{subsubsection.2.1.13}{Stem Direction}{subsection.2.1}% 20
\BOOKMARK [3][-]{subsubsection.2.1.14}{Ties}{subsection.2.1}% 21
\BOOKMARK [3][-]{subsubsection.2.1.15}{Time Signature}{subsection.2.1}% 22
\BOOKMARK [3][-]{subsubsection.2.1.16}{Octaves}{subsection.2.1}% 23
\BOOKMARK [3][-]{subsubsection.2.1.17}{Chage configuration}{subsection.2.1}% 24
\BOOKMARK [3][-]{subsubsection.2.1.18}{Chords}{subsection.2.1}% 25
\BOOKMARK [2][-]{subsection.2.2}{SMENS}{section.2}% 26
\BOOKMARK [3][-]{subsubsection.2.2.1}{Barlines}{subsection.2.2}% 27
\BOOKMARK [3][-]{subsubsection.2.2.2}{Dot}{subsection.2.2}% 28
\BOOKMARK [3][-]{subsubsection.2.2.3}{Ligature}{subsection.2.2}% 29
\BOOKMARK [3][-]{subsubsection.2.2.4}{Meter}{subsection.2.2}% 30
\BOOKMARK [3][-]{subsubsection.2.2.5}{Notes}{subsection.2.2}% 31
\BOOKMARK [3][-]{subsubsection.2.2.6}{Note Suffix}{subsection.2.2}% 32
\BOOKMARK [3][-]{subsubsection.2.2.7}{Rest}{subsection.2.2}% 33
\BOOKMARK [3][-]{subsubsection.2.2.8}{Rhythm}{subsection.2.2}% 34
\BOOKMARK [3][-]{subsubsection.2.2.9}{slurs}{subsection.2.2}% 35
