This is pdfTeX, Version 3.14159265-2.6-1.40.21 (TeX Live 2020) (preloaded format=pdflatex 2020.4.13)  11 MAY 2020 12:57
entering extended mode
 restricted \write18 enabled.
 %&-line parsing enabled.
**memoria.tex memoria.pdf
(./memoria.tex
LaTeX2e <2020-02-02> patch level 5
L3 programming layer <2020-03-06>
(/usr/local/texlive/2020/texmf-dist/tex/latex/base/article.cls
Document Class: article 2019/12/20 v1.4l Standard LaTeX document class
(/usr/local/texlive/2020/texmf-dist/tex/latex/base/size10.clo
File: size10.clo 2019/12/20 v1.4l Standard LaTeX file (size option)
)
\c@part=\count167
\c@section=\count168
\c@subsection=\count169
\c@subsubsection=\count170
\c@paragraph=\count171
\c@subparagraph=\count172
\c@figure=\count173
\c@table=\count174
\abovecaptionskip=\skip47
\belowcaptionskip=\skip48
\bibindent=\dimen134
)
(/usr/local/texlive/2020/texmf-dist/tex/latex/todonotes/todonotes.sty
Package: todonotes 2019/01/24 v1.1.2 Todonotes source and documentation.
Package: todonotes 2018/11/22

(/usr/local/texlive/2020/texmf-dist/tex/latex/base/ifthen.sty
Package: ifthen 2014/09/29 v1.1c Standard LaTeX ifthen package (DPC)
)
(/usr/local/texlive/2020/texmf-dist/tex/latex/xkeyval/xkeyval.sty
Package: xkeyval 2014/12/03 v2.7a package option processing (HA)

(/usr/local/texlive/2020/texmf-dist/tex/generic/xkeyval/xkeyval.tex
(/usr/local/texlive/2020/texmf-dist/tex/generic/xkeyval/xkvutils.tex
\XKV@toks=\toks15
\XKV@tempa@toks=\toks16

(/usr/local/texlive/2020/texmf-dist/tex/generic/xkeyval/keyval.tex))
\XKV@depth=\count175
File: xkeyval.tex 2014/12/03 v2.7a key=value parser (HA)
))
(/usr/local/texlive/2020/texmf-dist/tex/latex/xcolor/xcolor.sty
Package: xcolor 2016/05/11 v2.12 LaTeX color extensions (UK)

(/usr/local/texlive/2020/texmf-dist/tex/latex/graphics-cfg/color.cfg
File: color.cfg 2016/01/02 v1.6 sample color configuration
)
Package xcolor Info: Driver file: pdftex.def on input line 225.

(/usr/local/texlive/2020/texmf-dist/tex/latex/graphics-def/pdftex.def
File: pdftex.def 2018/01/08 v1.0l Graphics/color driver for pdftex
)
Package xcolor Info: Model `cmy' substituted by `cmy0' on input line 1348.
Package xcolor Info: Model `hsb' substituted by `rgb' on input line 1352.
Package xcolor Info: Model `RGB' extended on input line 1364.
Package xcolor Info: Model `HTML' substituted by `rgb' on input line 1366.
Package xcolor Info: Model `Hsb' substituted by `hsb' on input line 1367.
Package xcolor Info: Model `tHsb' substituted by `hsb' on input line 1368.
Package xcolor Info: Model `HSB' substituted by `hsb' on input line 1369.
Package xcolor Info: Model `Gray' substituted by `gray' on input line 1370.
Package xcolor Info: Model `wave' substituted by `hsb' on input line 1371.
)
(/usr/local/texlive/2020/texmf-dist/tex/latex/pgf/frontendlayer/tikz.sty
(/usr/local/texlive/2020/texmf-dist/tex/latex/pgf/basiclayer/pgf.sty
(/usr/local/texlive/2020/texmf-dist/tex/latex/pgf/utilities/pgfrcs.sty
(/usr/local/texlive/2020/texmf-dist/tex/generic/pgf/utilities/pgfutil-common.te
x
\pgfutil@everybye=\toks17
\pgfutil@tempdima=\dimen135
\pgfutil@tempdimb=\dimen136

(/usr/local/texlive/2020/texmf-dist/tex/generic/pgf/utilities/pgfutil-common-li
sts.tex))
(/usr/local/texlive/2020/texmf-dist/tex/generic/pgf/utilities/pgfutil-latex.def
\pgfutil@abb=\box45
(/usr/local/texlive/2020/texmf-dist/tex/latex/ms/everyshi.sty
Package: everyshi 2001/05/15 v3.00 EveryShipout Package (MS)
))
(/usr/local/texlive/2020/texmf-dist/tex/generic/pgf/utilities/pgfrcs.code.tex
(/usr/local/texlive/2020/texmf-dist/tex/generic/pgf/pgf.revision.tex)
Package: pgfrcs 2020/01/08 v3.1.5b (3.1.5b)
))
Package: pgf 2020/01/08 v3.1.5b (3.1.5b)

(/usr/local/texlive/2020/texmf-dist/tex/latex/pgf/basiclayer/pgfcore.sty
(/usr/local/texlive/2020/texmf-dist/tex/latex/graphics/graphicx.sty
Package: graphicx 2019/11/30 v1.2a Enhanced LaTeX Graphics (DPC,SPQR)

(/usr/local/texlive/2020/texmf-dist/tex/latex/graphics/graphics.sty
Package: graphics 2019/11/30 v1.4a Standard LaTeX Graphics (DPC,SPQR)

(/usr/local/texlive/2020/texmf-dist/tex/latex/graphics/trig.sty
Package: trig 2016/01/03 v1.10 sin cos tan (DPC)
)
(/usr/local/texlive/2020/texmf-dist/tex/latex/graphics-cfg/graphics.cfg
File: graphics.cfg 2016/06/04 v1.11 sample graphics configuration
)
Package graphics Info: Driver file: pdftex.def on input line 105.
)
\Gin@req@height=\dimen137
\Gin@req@width=\dimen138
)
(/usr/local/texlive/2020/texmf-dist/tex/latex/pgf/systemlayer/pgfsys.sty
(/usr/local/texlive/2020/texmf-dist/tex/generic/pgf/systemlayer/pgfsys.code.tex
Package: pgfsys 2020/01/08 v3.1.5b (3.1.5b)
(/usr/local/texlive/2020/texmf-dist/tex/generic/pgf/utilities/pgfkeys.code.tex
\pgfkeys@pathtoks=\toks18
\pgfkeys@temptoks=\toks19

(/usr/local/texlive/2020/texmf-dist/tex/generic/pgf/utilities/pgfkeysfiltered.c
ode.tex
\pgfkeys@tmptoks=\toks20
))
\pgf@x=\dimen139
\pgf@y=\dimen140
\pgf@xa=\dimen141
\pgf@ya=\dimen142
\pgf@xb=\dimen143
\pgf@yb=\dimen144
\pgf@xc=\dimen145
\pgf@yc=\dimen146
\pgf@xd=\dimen147
\pgf@yd=\dimen148
\w@pgf@writea=\write3
\r@pgf@reada=\read2
\c@pgf@counta=\count176
\c@pgf@countb=\count177
\c@pgf@countc=\count178
\c@pgf@countd=\count179
\t@pgf@toka=\toks21
\t@pgf@tokb=\toks22
\t@pgf@tokc=\toks23
\pgf@sys@id@count=\count180

(/usr/local/texlive/2020/texmf-dist/tex/generic/pgf/systemlayer/pgf.cfg
File: pgf.cfg 2020/01/08 v3.1.5b (3.1.5b)
)
Driver file for pgf: pgfsys-pdftex.def

(/usr/local/texlive/2020/texmf-dist/tex/generic/pgf/systemlayer/pgfsys-pdftex.d
ef
File: pgfsys-pdftex.def 2020/01/08 v3.1.5b (3.1.5b)

(/usr/local/texlive/2020/texmf-dist/tex/generic/pgf/systemlayer/pgfsys-common-p
df.def
File: pgfsys-common-pdf.def 2020/01/08 v3.1.5b (3.1.5b)
)))
(/usr/local/texlive/2020/texmf-dist/tex/generic/pgf/systemlayer/pgfsyssoftpath.
code.tex
File: pgfsyssoftpath.code.tex 2020/01/08 v3.1.5b (3.1.5b)
\pgfsyssoftpath@smallbuffer@items=\count181
\pgfsyssoftpath@bigbuffer@items=\count182
)
(/usr/local/texlive/2020/texmf-dist/tex/generic/pgf/systemlayer/pgfsysprotocol.
code.tex
File: pgfsysprotocol.code.tex 2020/01/08 v3.1.5b (3.1.5b)
))
(/usr/local/texlive/2020/texmf-dist/tex/generic/pgf/basiclayer/pgfcore.code.tex
Package: pgfcore 2020/01/08 v3.1.5b (3.1.5b)
(/usr/local/texlive/2020/texmf-dist/tex/generic/pgf/math/pgfmath.code.tex
(/usr/local/texlive/2020/texmf-dist/tex/generic/pgf/math/pgfmathcalc.code.tex
(/usr/local/texlive/2020/texmf-dist/tex/generic/pgf/math/pgfmathutil.code.tex)
(/usr/local/texlive/2020/texmf-dist/tex/generic/pgf/math/pgfmathparser.code.tex
\pgfmath@dimen=\dimen149
\pgfmath@count=\count183
\pgfmath@box=\box46
\pgfmath@toks=\toks24
\pgfmath@stack@operand=\toks25
\pgfmath@stack@operation=\toks26
)
(/usr/local/texlive/2020/texmf-dist/tex/generic/pgf/math/pgfmathfunctions.code.
tex
(/usr/local/texlive/2020/texmf-dist/tex/generic/pgf/math/pgfmathfunctions.basic
.code.tex)
(/usr/local/texlive/2020/texmf-dist/tex/generic/pgf/math/pgfmathfunctions.trigo
nometric.code.tex)
(/usr/local/texlive/2020/texmf-dist/tex/generic/pgf/math/pgfmathfunctions.rando
m.code.tex)
(/usr/local/texlive/2020/texmf-dist/tex/generic/pgf/math/pgfmathfunctions.compa
rison.code.tex)
(/usr/local/texlive/2020/texmf-dist/tex/generic/pgf/math/pgfmathfunctions.base.
code.tex)
(/usr/local/texlive/2020/texmf-dist/tex/generic/pgf/math/pgfmathfunctions.round
.code.tex)
(/usr/local/texlive/2020/texmf-dist/tex/generic/pgf/math/pgfmathfunctions.misc.
code.tex)
(/usr/local/texlive/2020/texmf-dist/tex/generic/pgf/math/pgfmathfunctions.integ
erarithmetics.code.tex)))
(/usr/local/texlive/2020/texmf-dist/tex/generic/pgf/math/pgfmathfloat.code.tex
\c@pgfmathroundto@lastzeros=\count184
)) (/usr/local/texlive/2020/texmf-dist/tex/generic/pgf/math/pgfint.code.tex)
(/usr/local/texlive/2020/texmf-dist/tex/generic/pgf/basiclayer/pgfcorepoints.co
de.tex
File: pgfcorepoints.code.tex 2020/01/08 v3.1.5b (3.1.5b)
\pgf@picminx=\dimen150
\pgf@picmaxx=\dimen151
\pgf@picminy=\dimen152
\pgf@picmaxy=\dimen153
\pgf@pathminx=\dimen154
\pgf@pathmaxx=\dimen155
\pgf@pathminy=\dimen156
\pgf@pathmaxy=\dimen157
\pgf@xx=\dimen158
\pgf@xy=\dimen159
\pgf@yx=\dimen160
\pgf@yy=\dimen161
\pgf@zx=\dimen162
\pgf@zy=\dimen163
)
(/usr/local/texlive/2020/texmf-dist/tex/generic/pgf/basiclayer/pgfcorepathconst
ruct.code.tex
File: pgfcorepathconstruct.code.tex 2020/01/08 v3.1.5b (3.1.5b)
\pgf@path@lastx=\dimen164
\pgf@path@lasty=\dimen165
)
(/usr/local/texlive/2020/texmf-dist/tex/generic/pgf/basiclayer/pgfcorepathusage
.code.tex
File: pgfcorepathusage.code.tex 2020/01/08 v3.1.5b (3.1.5b)
\pgf@shorten@end@additional=\dimen166
\pgf@shorten@start@additional=\dimen167
)
(/usr/local/texlive/2020/texmf-dist/tex/generic/pgf/basiclayer/pgfcorescopes.co
de.tex
File: pgfcorescopes.code.tex 2020/01/08 v3.1.5b (3.1.5b)
\pgfpic=\box47
\pgf@hbox=\box48
\pgf@layerbox@main=\box49
\pgf@picture@serial@count=\count185
)
(/usr/local/texlive/2020/texmf-dist/tex/generic/pgf/basiclayer/pgfcoregraphicst
ate.code.tex
File: pgfcoregraphicstate.code.tex 2020/01/08 v3.1.5b (3.1.5b)
\pgflinewidth=\dimen168
)
(/usr/local/texlive/2020/texmf-dist/tex/generic/pgf/basiclayer/pgfcoretransform
ations.code.tex
File: pgfcoretransformations.code.tex 2020/01/08 v3.1.5b (3.1.5b)
\pgf@pt@x=\dimen169
\pgf@pt@y=\dimen170
\pgf@pt@temp=\dimen171
)
(/usr/local/texlive/2020/texmf-dist/tex/generic/pgf/basiclayer/pgfcorequick.cod
e.tex
File: pgfcorequick.code.tex 2020/01/08 v3.1.5b (3.1.5b)
)
(/usr/local/texlive/2020/texmf-dist/tex/generic/pgf/basiclayer/pgfcoreobjects.c
ode.tex
File: pgfcoreobjects.code.tex 2020/01/08 v3.1.5b (3.1.5b)
)
(/usr/local/texlive/2020/texmf-dist/tex/generic/pgf/basiclayer/pgfcorepathproce
ssing.code.tex
File: pgfcorepathprocessing.code.tex 2020/01/08 v3.1.5b (3.1.5b)
)
(/usr/local/texlive/2020/texmf-dist/tex/generic/pgf/basiclayer/pgfcorearrows.co
de.tex
File: pgfcorearrows.code.tex 2020/01/08 v3.1.5b (3.1.5b)
\pgfarrowsep=\dimen172
)
(/usr/local/texlive/2020/texmf-dist/tex/generic/pgf/basiclayer/pgfcoreshade.cod
e.tex
File: pgfcoreshade.code.tex 2020/01/08 v3.1.5b (3.1.5b)
\pgf@max=\dimen173
\pgf@sys@shading@range@num=\count186
\pgf@shadingcount=\count187
)
(/usr/local/texlive/2020/texmf-dist/tex/generic/pgf/basiclayer/pgfcoreimage.cod
e.tex
File: pgfcoreimage.code.tex 2020/01/08 v3.1.5b (3.1.5b)

(/usr/local/texlive/2020/texmf-dist/tex/generic/pgf/basiclayer/pgfcoreexternal.
code.tex
File: pgfcoreexternal.code.tex 2020/01/08 v3.1.5b (3.1.5b)
\pgfexternal@startupbox=\box50
))
(/usr/local/texlive/2020/texmf-dist/tex/generic/pgf/basiclayer/pgfcorelayers.co
de.tex
File: pgfcorelayers.code.tex 2020/01/08 v3.1.5b (3.1.5b)
)
(/usr/local/texlive/2020/texmf-dist/tex/generic/pgf/basiclayer/pgfcoretranspare
ncy.code.tex
File: pgfcoretransparency.code.tex 2020/01/08 v3.1.5b (3.1.5b)
)
(/usr/local/texlive/2020/texmf-dist/tex/generic/pgf/basiclayer/pgfcorepatterns.
code.tex
File: pgfcorepatterns.code.tex 2020/01/08 v3.1.5b (3.1.5b)
)
(/usr/local/texlive/2020/texmf-dist/tex/generic/pgf/basiclayer/pgfcorerdf.code.
tex
File: pgfcorerdf.code.tex 2020/01/08 v3.1.5b (3.1.5b)
)))
(/usr/local/texlive/2020/texmf-dist/tex/generic/pgf/modules/pgfmoduleshapes.cod
e.tex
File: pgfmoduleshapes.code.tex 2020/01/08 v3.1.5b (3.1.5b)
\pgfnodeparttextbox=\box51
)
(/usr/local/texlive/2020/texmf-dist/tex/generic/pgf/modules/pgfmoduleplot.code.
tex
File: pgfmoduleplot.code.tex 2020/01/08 v3.1.5b (3.1.5b)
)
(/usr/local/texlive/2020/texmf-dist/tex/latex/pgf/compatibility/pgfcomp-version
-0-65.sty
Package: pgfcomp-version-0-65 2020/01/08 v3.1.5b (3.1.5b)
\pgf@nodesepstart=\dimen174
\pgf@nodesepend=\dimen175
)
(/usr/local/texlive/2020/texmf-dist/tex/latex/pgf/compatibility/pgfcomp-version
-1-18.sty
Package: pgfcomp-version-1-18 2020/01/08 v3.1.5b (3.1.5b)
))
(/usr/local/texlive/2020/texmf-dist/tex/latex/pgf/utilities/pgffor.sty
(/usr/local/texlive/2020/texmf-dist/tex/latex/pgf/utilities/pgfkeys.sty
(/usr/local/texlive/2020/texmf-dist/tex/generic/pgf/utilities/pgfkeys.code.tex)
) (/usr/local/texlive/2020/texmf-dist/tex/latex/pgf/math/pgfmath.sty
(/usr/local/texlive/2020/texmf-dist/tex/generic/pgf/math/pgfmath.code.tex))
(/usr/local/texlive/2020/texmf-dist/tex/generic/pgf/utilities/pgffor.code.tex
Package: pgffor 2020/01/08 v3.1.5b (3.1.5b)

(/usr/local/texlive/2020/texmf-dist/tex/generic/pgf/math/pgfmath.code.tex)
\pgffor@iter=\dimen176
\pgffor@skip=\dimen177
\pgffor@stack=\toks27
\pgffor@toks=\toks28
))
(/usr/local/texlive/2020/texmf-dist/tex/generic/pgf/frontendlayer/tikz/tikz.cod
e.tex
Package: tikz 2020/01/08 v3.1.5b (3.1.5b)

(/usr/local/texlive/2020/texmf-dist/tex/generic/pgf/libraries/pgflibraryplothan
dlers.code.tex
File: pgflibraryplothandlers.code.tex 2020/01/08 v3.1.5b (3.1.5b)
\pgf@plot@mark@count=\count188
\pgfplotmarksize=\dimen178
)
\tikz@lastx=\dimen179
\tikz@lasty=\dimen180
\tikz@lastxsaved=\dimen181
\tikz@lastysaved=\dimen182
\tikz@lastmovetox=\dimen183
\tikz@lastmovetoy=\dimen184
\tikzleveldistance=\dimen185
\tikzsiblingdistance=\dimen186
\tikz@figbox=\box52
\tikz@figbox@bg=\box53
\tikz@tempbox=\box54
\tikz@tempbox@bg=\box55
\tikztreelevel=\count189
\tikznumberofchildren=\count190
\tikznumberofcurrentchild=\count191
\tikz@fig@count=\count192

(/usr/local/texlive/2020/texmf-dist/tex/generic/pgf/modules/pgfmodulematrix.cod
e.tex
File: pgfmodulematrix.code.tex 2020/01/08 v3.1.5b (3.1.5b)
\pgfmatrixcurrentrow=\count193
\pgfmatrixcurrentcolumn=\count194
\pgf@matrix@numberofcolumns=\count195
)
\tikz@expandcount=\count196

(/usr/local/texlive/2020/texmf-dist/tex/generic/pgf/frontendlayer/tikz/librarie
s/tikzlibrarytopaths.code.tex
File: tikzlibrarytopaths.code.tex 2020/01/08 v3.1.5b (3.1.5b)
)))
(/usr/local/texlive/2020/texmf-dist/tex/generic/pgf/frontendlayer/tikz/librarie
s/tikzlibrarypositioning.code.tex
File: tikzlibrarypositioning.code.tex 2020/01/08 v3.1.5b (3.1.5b)
)
(/usr/local/texlive/2020/texmf-dist/tex/generic/pgf/frontendlayer/tikz/librarie
s/tikzlibraryshadows.code.tex
File: tikzlibraryshadows.code.tex 2020/01/08 v3.1.5b (3.1.5b)

(/usr/local/texlive/2020/texmf-dist/tex/generic/pgf/frontendlayer/tikz/librarie
s/tikzlibraryfadings.code.tex
File: tikzlibraryfadings.code.tex 2020/01/08 v3.1.5b (3.1.5b)

(/usr/local/texlive/2020/texmf-dist/tex/generic/pgf/libraries/pgflibraryfadings
.code.tex
File: pgflibraryfadings.code.tex 2020/01/08 v3.1.5b (3.1.5b)
))) (/usr/local/texlive/2020/texmf-dist/tex/latex/tools/calc.sty
Package: calc 2017/05/25 v4.3 Infix arithmetic (KKT,FJ)
\calc@Acount=\count197
\calc@Bcount=\count198
\calc@Adimen=\dimen187
\calc@Bdimen=\dimen188
\calc@Askip=\skip49
\calc@Bskip=\skip50
LaTeX Info: Redefining \setlength on input line 80.
LaTeX Info: Redefining \addtolength on input line 81.
\calc@Ccount=\count199
\calc@Cskip=\skip51
)
\c@@todonotes@numberoftodonotes=\count266
)
(/usr/local/texlive/2020/texmf-dist/tex/latex/lm/lmodern.sty
Package: lmodern 2009/10/30 v1.6 Latin Modern Fonts
LaTeX Font Info:    Overwriting symbol font `operators' in version `normal'
(Font)                  OT1/cmr/m/n --> OT1/lmr/m/n on input line 22.
LaTeX Font Info:    Overwriting symbol font `letters' in version `normal'
(Font)                  OML/cmm/m/it --> OML/lmm/m/it on input line 23.
LaTeX Font Info:    Overwriting symbol font `symbols' in version `normal'
(Font)                  OMS/cmsy/m/n --> OMS/lmsy/m/n on input line 24.
LaTeX Font Info:    Overwriting symbol font `largesymbols' in version `normal'
(Font)                  OMX/cmex/m/n --> OMX/lmex/m/n on input line 25.
LaTeX Font Info:    Overwriting symbol font `operators' in version `bold'
(Font)                  OT1/cmr/bx/n --> OT1/lmr/bx/n on input line 26.
LaTeX Font Info:    Overwriting symbol font `letters' in version `bold'
(Font)                  OML/cmm/b/it --> OML/lmm/b/it on input line 27.
LaTeX Font Info:    Overwriting symbol font `symbols' in version `bold'
(Font)                  OMS/cmsy/b/n --> OMS/lmsy/b/n on input line 28.
LaTeX Font Info:    Overwriting symbol font `largesymbols' in version `bold'
(Font)                  OMX/cmex/m/n --> OMX/lmex/m/n on input line 29.
LaTeX Font Info:    Overwriting math alphabet `\mathbf' in version `normal'
(Font)                  OT1/cmr/bx/n --> OT1/lmr/bx/n on input line 31.
LaTeX Font Info:    Overwriting math alphabet `\mathsf' in version `normal'
(Font)                  OT1/cmss/m/n --> OT1/lmss/m/n on input line 32.
LaTeX Font Info:    Overwriting math alphabet `\mathit' in version `normal'
(Font)                  OT1/cmr/m/it --> OT1/lmr/m/it on input line 33.
LaTeX Font Info:    Overwriting math alphabet `\mathtt' in version `normal'
(Font)                  OT1/cmtt/m/n --> OT1/lmtt/m/n on input line 34.
LaTeX Font Info:    Overwriting math alphabet `\mathbf' in version `bold'
(Font)                  OT1/cmr/bx/n --> OT1/lmr/bx/n on input line 35.
LaTeX Font Info:    Overwriting math alphabet `\mathsf' in version `bold'
(Font)                  OT1/cmss/bx/n --> OT1/lmss/bx/n on input line 36.
LaTeX Font Info:    Overwriting math alphabet `\mathit' in version `bold'
(Font)                  OT1/cmr/bx/it --> OT1/lmr/bx/it on input line 37.
LaTeX Font Info:    Overwriting math alphabet `\mathtt' in version `bold'
(Font)                  OT1/cmtt/m/n --> OT1/lmtt/m/n on input line 38.
)
(/usr/local/texlive/2020/texmf-dist/tex/latex/base/fontenc.sty
Package: fontenc 2020/02/11 v2.0o Standard LaTeX package
LaTeX Font Info:    Trying to load font information for T1+lmr on input line 11
2.

(/usr/local/texlive/2020/texmf-dist/tex/latex/lm/t1lmr.fd
File: t1lmr.fd 2009/10/30 v1.6 Font defs for Latin Modern
))
(/usr/local/texlive/2020/texmf-dist/tex/generic/babel/babel.sty
Package: babel 2020/03/22 3.42 The Babel package

(/usr/local/texlive/2020/texmf-dist/tex/generic/babel/switch.def
File: switch.def 2020/03/22 3.42 Babel switching mechanism
)
(/usr/local/texlive/2020/texmf-dist/tex/generic/babel-spanish/spanish.ldf
Language: spanish.ldf 2016/03/03 v5.0p Spanish support from the babel system

(/usr/local/texlive/2020/texmf-dist/tex/generic/babel/babel.def
File: babel.def 2020/03/22 3.42 Babel common definitions
\babel@savecnt=\count267
\U@D=\dimen189

(/usr/local/texlive/2020/texmf-dist/tex/generic/babel/txtbabel.def)
\bbl@readstream=\read3
\bbl@dirlevel=\count268
)
\es@quottoks=\toks29
\es@quotdepth=\count269
Package babel Info: Making " an active character on input line 561.
Package babel Info: Making . an active character on input line 662.
Package babel Info: Making < an active character on input line 707.
Package babel Info: Making > an active character on input line 707.
Package babel Info: Making ' an active character on input line 725.
))
(/usr/local/texlive/2020/texmf-dist/tex/latex/base/inputenc.sty
Package: inputenc 2018/08/11 v1.3c Input encoding file
\inpenc@prehook=\toks30
\inpenc@posthook=\toks31
)
(/usr/local/texlive/2020/texmf-dist/tex/latex/mathtools/mathtools.sty
Package: mathtools 2020/03/24 v1.24 mathematical typesetting tools

(/usr/local/texlive/2020/texmf-dist/tex/latex/mathtools/mhsetup.sty
Package: mhsetup 2017/03/31 v1.3 programming setup (MH)
)
(/usr/local/texlive/2020/texmf-dist/tex/latex/amsmath/amsmath.sty
Package: amsmath 2020/01/20 v2.17e AMS math features
\@mathmargin=\skip52

For additional information on amsmath, use the `?' option.
(/usr/local/texlive/2020/texmf-dist/tex/latex/amsmath/amstext.sty
Package: amstext 2000/06/29 v2.01 AMS text

(/usr/local/texlive/2020/texmf-dist/tex/latex/amsmath/amsgen.sty
File: amsgen.sty 1999/11/30 v2.0 generic functions
\@emptytoks=\toks32
\ex@=\dimen190
))
(/usr/local/texlive/2020/texmf-dist/tex/latex/amsmath/amsbsy.sty
Package: amsbsy 1999/11/29 v1.2d Bold Symbols
\pmbraise@=\dimen191
)
(/usr/local/texlive/2020/texmf-dist/tex/latex/amsmath/amsopn.sty
Package: amsopn 2016/03/08 v2.02 operator names
)
\inf@bad=\count270
LaTeX Info: Redefining \frac on input line 227.
\uproot@=\count271
\leftroot@=\count272
LaTeX Info: Redefining \overline on input line 389.
\classnum@=\count273
\DOTSCASE@=\count274
LaTeX Info: Redefining \ldots on input line 486.
LaTeX Info: Redefining \dots on input line 489.
LaTeX Info: Redefining \cdots on input line 610.
\Mathstrutbox@=\box56
\strutbox@=\box57
\big@size=\dimen192
LaTeX Font Info:    Redeclaring font encoding OML on input line 733.
LaTeX Font Info:    Redeclaring font encoding OMS on input line 734.
\macc@depth=\count275
\c@MaxMatrixCols=\count276
\dotsspace@=\muskip16
\c@parentequation=\count277
\dspbrk@lvl=\count278
\tag@help=\toks33
\row@=\count279
\column@=\count280
\maxfields@=\count281
\andhelp@=\toks34
\eqnshift@=\dimen193
\alignsep@=\dimen194
\tagshift@=\dimen195
\tagwidth@=\dimen196
\totwidth@=\dimen197
\lineht@=\dimen198
\@envbody=\toks35
\multlinegap=\skip53
\multlinetaggap=\skip54
\mathdisplay@stack=\toks36
LaTeX Info: Redefining \[ on input line 2859.
LaTeX Info: Redefining \] on input line 2860.
)
LaTeX Info: Thecontrolsequence`\('isalreadyrobust on input line 130.
LaTeX Info: Thecontrolsequence`\)'isalreadyrobust on input line 130.
LaTeX Info: Thecontrolsequence`\['isalreadyrobust on input line 130.
LaTeX Info: Thecontrolsequence`\]'isalreadyrobust on input line 130.
\g_MT_multlinerow_int=\count282
\l_MT_multwidth_dim=\dimen199
\origjot=\skip55
\l_MT_shortvdotswithinadjustabove_dim=\dimen256
\l_MT_shortvdotswithinadjustbelow_dim=\dimen257
\l_MT_above_intertext_sep=\dimen258
\l_MT_below_intertext_sep=\dimen259
\l_MT_above_shortintertext_sep=\dimen260
\l_MT_below_shortintertext_sep=\dimen261
\xmathstrut@box=\box58
\xmathstrut@dim=\dimen262
)
(/usr/local/texlive/2020/texmf-dist/tex/latex/hyperref/hyperref.sty
Package: hyperref 2020/01/14 v7.00d Hypertext links for LaTeX

(/usr/local/texlive/2020/texmf-dist/tex/generic/ltxcmds/ltxcmds.sty
Package: ltxcmds 2019/12/15 v1.24 LaTeX kernel commands for general use (HO)
)
(/usr/local/texlive/2020/texmf-dist/tex/generic/iftex/iftex.sty
Package: iftex 2020/03/06 v1.0d TeX engine tests
)
(/usr/local/texlive/2020/texmf-dist/tex/latex/pdftexcmds/pdftexcmds.sty
Package: pdftexcmds 2019/11/24 v0.31 Utility functions of pdfTeX for LuaTeX (HO
)

(/usr/local/texlive/2020/texmf-dist/tex/generic/infwarerr/infwarerr.sty
Package: infwarerr 2019/12/03 v1.5 Providing info/warning/error messages (HO)
)
Package pdftexcmds Info: \pdf@primitive is available.
Package pdftexcmds Info: \pdf@ifprimitive is available.
Package pdftexcmds Info: \pdfdraftmode found.
)
(/usr/local/texlive/2020/texmf-dist/tex/generic/kvsetkeys/kvsetkeys.sty
Package: kvsetkeys 2019/12/15 v1.18 Key value parser (HO)
)
(/usr/local/texlive/2020/texmf-dist/tex/generic/kvdefinekeys/kvdefinekeys.sty
Package: kvdefinekeys 2019-12-19 v1.6 Define keys (HO)
)
(/usr/local/texlive/2020/texmf-dist/tex/generic/pdfescape/pdfescape.sty
Package: pdfescape 2019/12/09 v1.15 Implements pdfTeX's escape features (HO)
)
(/usr/local/texlive/2020/texmf-dist/tex/latex/hycolor/hycolor.sty
Package: hycolor 2020-01-27 v1.10 Color options for hyperref/bookmark (HO)
)
(/usr/local/texlive/2020/texmf-dist/tex/latex/letltxmacro/letltxmacro.sty
Package: letltxmacro 2019/12/03 v1.6 Let assignment for LaTeX macros (HO)
)
(/usr/local/texlive/2020/texmf-dist/tex/latex/auxhook/auxhook.sty
Package: auxhook 2019-12-17 v1.6 Hooks for auxiliary files (HO)
)
(/usr/local/texlive/2020/texmf-dist/tex/latex/kvoptions/kvoptions.sty
Package: kvoptions 2019/11/29 v3.13 Key value format for package options (HO)
)
\@linkdim=\dimen263
\Hy@linkcounter=\count283
\Hy@pagecounter=\count284

(/usr/local/texlive/2020/texmf-dist/tex/latex/hyperref/pd1enc.def
File: pd1enc.def 2020/01/14 v7.00d Hyperref: PDFDocEncoding definition (HO)
Now handling font encoding PD1 ...
... no UTF-8 mapping file for font encoding PD1
)
(/usr/local/texlive/2020/texmf-dist/tex/generic/intcalc/intcalc.sty
Package: intcalc 2019/12/15 v1.3 Expandable calculations with integers (HO)
)
(/usr/local/texlive/2020/texmf-dist/tex/generic/etexcmds/etexcmds.sty
Package: etexcmds 2019/12/15 v1.7 Avoid name clashes with e-TeX commands (HO)
)
\Hy@SavedSpaceFactor=\count285
Package hyperref Info: Option `colorlinks' set `true' on input line 4421.
Package hyperref Info: Hyper figures OFF on input line 4547.
Package hyperref Info: Link nesting OFF on input line 4552.
Package hyperref Info: Hyper index ON on input line 4555.
Package hyperref Info: Plain pages OFF on input line 4562.
Package hyperref Info: Backreferencing OFF on input line 4567.
Package hyperref Info: Implicit mode ON; LaTeX internals redefined.
Package hyperref Info: Bookmarks ON on input line 4800.
\c@Hy@tempcnt=\count286

(/usr/local/texlive/2020/texmf-dist/tex/latex/url/url.sty
\Urlmuskip=\muskip17
Package: url 2013/09/16  ver 3.4  Verb mode for urls, etc.
)
LaTeX Info: Redefining \url on input line 5159.
\XeTeXLinkMargin=\dimen264

(/usr/local/texlive/2020/texmf-dist/tex/generic/bitset/bitset.sty
Package: bitset 2019/12/09 v1.3 Handle bit-vector datatype (HO)

(/usr/local/texlive/2020/texmf-dist/tex/generic/bigintcalc/bigintcalc.sty
Package: bigintcalc 2019/12/15 v1.5 Expandable calculations on big integers (HO
)
))
\Fld@menulength=\count287
\Field@Width=\dimen265
\Fld@charsize=\dimen266
Package hyperref Info: Hyper figures OFF on input line 6430.
Package hyperref Info: Link nesting OFF on input line 6435.
Package hyperref Info: Hyper index ON on input line 6438.
Package hyperref Info: backreferencing OFF on input line 6445.
Package hyperref Info: Link coloring ON on input line 6448.
Package hyperref Info: Link coloring with OCG OFF on input line 6455.
Package hyperref Info: PDF/A mode OFF on input line 6460.
LaTeX Info: Redefining \ref on input line 6500.
LaTeX Info: Redefining \pageref on input line 6504.

(/usr/local/texlive/2020/texmf-dist/tex/generic/atbegshi/atbegshi.sty
Package: atbegshi 2019/12/05 v1.19 At begin shipout hook (HO)
)
\Hy@abspage=\count288
\c@Item=\count289
\c@Hfootnote=\count290
)
Package hyperref Info: Driver (autodetected): hpdftex.

(/usr/local/texlive/2020/texmf-dist/tex/latex/hyperref/hpdftex.def
File: hpdftex.def 2020/01/14 v7.00d Hyperref driver for pdfTeX

(/usr/local/texlive/2020/texmf-dist/tex/latex/atveryend/atveryend.sty
Package: atveryend 2019-12-11 v1.11 Hooks at the very end of document (HO)
Package atveryend Info: \enddocument detected (standard20110627).
)
\Fld@listcount=\count291
\c@bookmark@seq@number=\count292

(/usr/local/texlive/2020/texmf-dist/tex/latex/rerunfilecheck/rerunfilecheck.sty
Package: rerunfilecheck 2019/12/05 v1.9 Rerun checks for auxiliary files (HO)

(/usr/local/texlive/2020/texmf-dist/tex/generic/uniquecounter/uniquecounter.sty
Package: uniquecounter 2019/12/15 v1.4 Provide unlimited unique counter (HO)
)
Package uniquecounter Info: New unique counter `rerunfilecheck' on input line 2
86.
)
\Hy@SectionHShift=\skip56
)
Package hyperref Info: Option `colorlinks' set `true' on input line 22.

(/usr/local/texlive/2020/texmf-dist/tex/latex/l3backend/l3backend-pdfmode.def
File: l3backend-pdfmode.def 2020-03-12 L3 backend support: PDF mode
\l__kernel_color_stack_int=\count293
\l__pdf_internal_box=\box59
)
(./memoria.aux
LaTeX Info: Redefining \. on input line 25.
LaTeX Info: Redefining \% on input line 25.
)
\openout1 = `memoria.aux'.

LaTeX Font Info:    Checking defaults for OML/cmm/m/it on input line 27.
LaTeX Font Info:    ... okay on input line 27.
LaTeX Font Info:    Checking defaults for OMS/cmsy/m/n on input line 27.
LaTeX Font Info:    ... okay on input line 27.
LaTeX Font Info:    Checking defaults for OT1/cmr/m/n on input line 27.
LaTeX Font Info:    ... okay on input line 27.
LaTeX Font Info:    Checking defaults for T1/cmr/m/n on input line 27.
LaTeX Font Info:    ... okay on input line 27.
LaTeX Font Info:    Checking defaults for TS1/cmr/m/n on input line 27.
LaTeX Font Info:    ... okay on input line 27.
LaTeX Font Info:    Checking defaults for OMX/cmex/m/n on input line 27.
LaTeX Font Info:    ... okay on input line 27.
LaTeX Font Info:    Checking defaults for U/cmr/m/n on input line 27.
LaTeX Font Info:    ... okay on input line 27.
LaTeX Font Info:    Checking defaults for PD1/pdf/m/n on input line 27.
LaTeX Font Info:    ... okay on input line 27.

(/usr/local/texlive/2020/texmf-dist/tex/context/base/mkii/supp-pdf.mkii
[Loading MPS to PDF converter (version 2006.09.02).]
\scratchcounter=\count294
\scratchdimen=\dimen267
\scratchbox=\box60
\nofMPsegments=\count295
\nofMParguments=\count296
\everyMPshowfont=\toks37
\MPscratchCnt=\count297
\MPscratchDim=\dimen268
\MPnumerator=\count298
\makeMPintoPDFobject=\count299
\everyMPtoPDFconversion=\toks38
) (/usr/local/texlive/2020/texmf-dist/tex/latex/epstopdf-pkg/epstopdf-base.sty
Package: epstopdf-base 2020-01-24 v2.11 Base part for package epstopdf
Package epstopdf-base Info: Redefining graphics rule for `.eps' on input line 4
85.

(/usr/local/texlive/2020/texmf-dist/tex/latex/latexconfig/epstopdf-sys.cfg
File: epstopdf-sys.cfg 2010/07/13 v1.3 Configuration of (r)epstopdf for TeX Liv
e
))
ABD: EveryShipout initializing macros
LaTeX Info: Redefining \. on input line 27.
LaTeX Info: Redefining \% on input line 27.
\AtBeginShipoutBox=\box61
Package hyperref Info: Link coloring ON on input line 27.

(/usr/local/texlive/2020/texmf-dist/tex/latex/hyperref/nameref.sty
Package: nameref 2019/09/16 v2.46 Cross-referencing by name of section

(/usr/local/texlive/2020/texmf-dist/tex/latex/refcount/refcount.sty
Package: refcount 2019/12/15 v3.6 Data extraction from label references (HO)
)
(/usr/local/texlive/2020/texmf-dist/tex/generic/gettitlestring/gettitlestring.s
ty
Package: gettitlestring 2019/12/15 v1.6 Cleanup title references (HO)
)
\c@section@level=\count300
)
LaTeX Info: Redefining \ref on input line 27.
LaTeX Info: Redefining \pageref on input line 27.
LaTeX Info: Redefining \nameref on input line 27.
 (./memoria.out) (./memoria.out)
\@outlinefile=\write4
\openout4 = `memoria.out'.

LaTeX Font Info:    Trying to load font information for OT1+lmr on input line 2
9.

(/usr/local/texlive/2020/texmf-dist/tex/latex/lm/ot1lmr.fd
File: ot1lmr.fd 2009/10/30 v1.6 Font defs for Latin Modern
)
LaTeX Font Info:    Trying to load font information for OML+lmm on input line 2
9.

(/usr/local/texlive/2020/texmf-dist/tex/latex/lm/omllmm.fd
File: omllmm.fd 2009/10/30 v1.6 Font defs for Latin Modern
)
LaTeX Font Info:    Trying to load font information for OMS+lmsy on input line 
29.

(/usr/local/texlive/2020/texmf-dist/tex/latex/lm/omslmsy.fd
File: omslmsy.fd 2009/10/30 v1.6 Font defs for Latin Modern
)
LaTeX Font Info:    Trying to load font information for OMX+lmex on input line 
29.

(/usr/local/texlive/2020/texmf-dist/tex/latex/lm/omxlmex.fd
File: omxlmex.fd 2009/10/30 v1.6 Font defs for Latin Modern
)
LaTeX Font Info:    External font `lmex10' loaded for size
(Font)              <12> on input line 29.
LaTeX Font Info:    External font `lmex10' loaded for size
(Font)              <8> on input line 29.
LaTeX Font Info:    External font `lmex10' loaded for size
(Font)              <6> on input line 29.
Package hyperref Info: bookmark level for unknown todo defaults to 0 on input l
ine 31.
LaTeX Font Info:    Trying to load font information for T1+lmtt on input line 5
7.

(/usr/local/texlive/2020/texmf-dist/tex/latex/lm/t1lmtt.fd
File: t1lmtt.fd 2009/10/30 v1.6 Font defs for Latin Modern
)
LaTeX Font Info:    External font `lmex10' loaded for size
(Font)              <10> on input line 57.
LaTeX Font Info:    External font `lmex10' loaded for size
(Font)              <7> on input line 57.
LaTeX Font Info:    External font `lmex10' loaded for size
(Font)              <5> on input line 57.
 [1

{/usr/local/texlive/2020/texmf-var/fonts/map/pdftex/updmap/pdftex.map}] [2] [3]


LaTeX Warning: Marginpar on page 4 moved.

<figures_tests/pdf/skern/accident1.pdf, id=215, 428.60126pt x 200.75pt>
File: figures_tests/pdf/skern/accident1.pdf Graphic file (type pdf)
<use figures_tests/pdf/skern/accident1.pdf>
Package pdftex.def Info: figures_tests/pdf/skern/accident1.pdf  used on input l
ine 136.
(pdftex.def)             Requested size: 214.3001pt x 100.37474pt.
<figures_tests/pdf/skern/accident2.pdf, id=216, 428.60126pt x 200.75pt>
File: figures_tests/pdf/skern/accident2.pdf Graphic file (type pdf)
<use figures_tests/pdf/skern/accident2.pdf>
Package pdftex.def Info: figures_tests/pdf/skern/accident2.pdf  used on input l
ine 138.
(pdftex.def)             Requested size: 214.3001pt x 100.37474pt.
<figures_tests/pdf/skern/articulations0.pdf, id=217, 282.05376pt x 200.75pt>
File: figures_tests/pdf/skern/articulations0.pdf Graphic file (type pdf)
<use figures_tests/pdf/skern/articulations0.pdf>
Package pdftex.def Info: figures_tests/pdf/skern/articulations0.pdf  used on in
put line 141.
(pdftex.def)             Requested size: 141.02652pt x 100.37474pt.
[4 <./figures_tests/pdf/skern/accident1.pdf> <./figures_tests/pdf/skern/acciden
t2.pdf>]
<figures_tests/pdf/skern/articulations1.pdf, id=227, 282.05376pt x 200.75pt>
File: figures_tests/pdf/skern/articulations1.pdf Graphic file (type pdf)
<use figures_tests/pdf/skern/articulations1.pdf>
Package pdftex.def Info: figures_tests/pdf/skern/articulations1.pdf  used on in
put line 143.
(pdftex.def)             Requested size: 141.02652pt x 100.37474pt.
<figures_tests/pdf/skern/articulations2.pdf, id=228, 282.05376pt x 200.75pt>
File: figures_tests/pdf/skern/articulations2.pdf Graphic file (type pdf)
<use figures_tests/pdf/skern/articulations2.pdf>
Package pdftex.def Info: figures_tests/pdf/skern/articulations2.pdf  used on in
put line 145.
(pdftex.def)             Requested size: 141.02652pt x 100.37474pt.
<figures_tests/pdf/skern/articulations3.pdf, id=229, 282.05376pt x 200.75pt>
File: figures_tests/pdf/skern/articulations3.pdf Graphic file (type pdf)
<use figures_tests/pdf/skern/articulations3.pdf>
Package pdftex.def Info: figures_tests/pdf/skern/articulations3.pdf  used on in
put line 147.
(pdftex.def)             Requested size: 141.02652pt x 100.37474pt.
<figures_tests/pdf/skern/articulations4.pdf, id=230, 282.05376pt x 200.75pt>
File: figures_tests/pdf/skern/articulations4.pdf Graphic file (type pdf)
<use figures_tests/pdf/skern/articulations4.pdf>
Package pdftex.def Info: figures_tests/pdf/skern/articulations4.pdf  used on in
put line 149.
(pdftex.def)             Requested size: 141.02652pt x 100.37474pt.
<figures_tests/pdf/skern/articulations5.pdf, id=231, 282.05376pt x 200.75pt>
File: figures_tests/pdf/skern/articulations5.pdf Graphic file (type pdf)
<use figures_tests/pdf/skern/articulations5.pdf>
Package pdftex.def Info: figures_tests/pdf/skern/articulations5.pdf  used on in
put line 151.
(pdftex.def)             Requested size: 141.02652pt x 100.37474pt.
 [5 <./figures_tests/pdf/skern/articulations0.pdf> <./figures_tests/pdf/skern/a
rticulations1.pdf> <./figures_tests/pdf/skern/articulations2.pdf> <./figures_te
sts/pdf/skern/articulations3.pdf> <./figures_tests/pdf/skern/articulations4.pdf
>]
<figures_tests/pdf/skern/articulations6.pdf, id=241, 282.05376pt x 200.75pt>
File: figures_tests/pdf/skern/articulations6.pdf Graphic file (type pdf)
<use figures_tests/pdf/skern/articulations6.pdf>
Package pdftex.def Info: figures_tests/pdf/skern/articulations6.pdf  used on in
put line 153.
(pdftex.def)             Requested size: 141.02652pt x 100.37474pt.
<figures_tests/pdf/skern/articulations7.pdf, id=242, 282.05376pt x 200.75pt>
File: figures_tests/pdf/skern/articulations7.pdf Graphic file (type pdf)
<use figures_tests/pdf/skern/articulations7.pdf>
Package pdftex.def Info: figures_tests/pdf/skern/articulations7.pdf  used on in
put line 155.
(pdftex.def)             Requested size: 141.02652pt x 100.37474pt.
<figures_tests/pdf/skern/augmentationDots.pdf, id=243, 1115.16624pt x 200.75pt>

File: figures_tests/pdf/skern/augmentationDots.pdf Graphic file (type pdf)
<use figures_tests/pdf/skern/augmentationDots.pdf>
Package pdftex.def Info: figures_tests/pdf/skern/augmentationDots.pdf  used on 
input line 159.
(pdftex.def)             Requested size: 390.31404pt x 70.26353pt.

Overfull \hbox (60.31404pt too wide) in paragraph at lines 159--160
[][] 
 []

<figures_tests/pdf/skern/barlines.pdf, id=244, 401.5pt x 200.75pt>
File: figures_tests/pdf/skern/barlines.pdf Graphic file (type pdf)
<use figures_tests/pdf/skern/barlines.pdf>
Package pdftex.def Info: figures_tests/pdf/skern/barlines.pdf  used on input li
ne 163.
(pdftex.def)             Requested size: 200.7495pt x 100.37474pt.
<figures_tests/pdf/skern/barlines2.pdf, id=245, 1125.20375pt x 200.75pt>
File: figures_tests/pdf/skern/barlines2.pdf Graphic file (type pdf)
<use figures_tests/pdf/skern/barlines2.pdf>
Package pdftex.def Info: figures_tests/pdf/skern/barlines2.pdf  used on input l
ine 165.
(pdftex.def)             Requested size: 393.82721pt x 70.26353pt.

Overfull \hbox (63.82721pt too wide) in paragraph at lines 165--166
[][] 
 []

[6 <./figures_tests/pdf/skern/articulations5.pdf> <./figures_tests/pdf/skern/ar
ticulations6.pdf> <./figures_tests/pdf/skern/articulations7.pdf> <./figures_tes
ts/pdf/skern/augmentationDots.pdf> <./figures_tests/pdf/skern/barlines.pdf>]
<figures_tests/pdf/skern/beaming0.pdf, id=255, 282.05376pt x 200.75pt>
File: figures_tests/pdf/skern/beaming0.pdf Graphic file (type pdf)
<use figures_tests/pdf/skern/beaming0.pdf>
Package pdftex.def Info: figures_tests/pdf/skern/beaming0.pdf  used on input li
ne 169.
(pdftex.def)             Requested size: 141.02652pt x 100.37474pt.
<figures_tests/pdf/skern/beaming1.pdf, id=256, 397.485pt x 200.75pt>
File: figures_tests/pdf/skern/beaming1.pdf Graphic file (type pdf)
<use figures_tests/pdf/skern/beaming1.pdf>
Package pdftex.def Info: figures_tests/pdf/skern/beaming1.pdf  used on input li
ne 171.
(pdftex.def)             Requested size: 198.742pt x 100.37474pt.
<figures_tests/pdf/skern/beaming2.pdf, id=257, 350.30875pt x 200.75pt>
File: figures_tests/pdf/skern/beaming2.pdf Graphic file (type pdf)
<use figures_tests/pdf/skern/beaming2.pdf>
Package pdftex.def Info: figures_tests/pdf/skern/beaming2.pdf  used on input li
ne 173.
(pdftex.def)             Requested size: 175.15395pt x 100.37474pt.
<figures_tests/pdf/skern/partialbeaming0.pdf, id=258, 387.4475pt x 200.75pt>
File: figures_tests/pdf/skern/partialbeaming0.pdf Graphic file (type pdf)
<use figures_tests/pdf/skern/partialbeaming0.pdf>
Package pdftex.def Info: figures_tests/pdf/skern/partialbeaming0.pdf  used on i
nput line 175.
(pdftex.def)             Requested size: 193.72327pt x 100.37474pt.
<figures_tests/pdf/skern/commonmeter1.pdf, id=259, 366.36874pt x 200.75pt>
File: figures_tests/pdf/skern/commonmeter1.pdf Graphic file (type pdf)
<use figures_tests/pdf/skern/commonmeter1.pdf>
Package pdftex.def Info: figures_tests/pdf/skern/commonmeter1.pdf  used on inpu
t line 179.
(pdftex.def)             Requested size: 183.18391pt x 100.37474pt.

[7 <./figures_tests/pdf/skern/barlines2.pdf> <./figures_tests/pdf/skern/beaming
0.pdf> <./figures_tests/pdf/skern/beaming1.pdf> <./figures_tests/pdf/skern/beam
ing2.pdf> <./figures_tests/pdf/skern/partialbeaming0.pdf>]
<figures_tests/pdf/skern/commonmeter2.pdf, id=270, 366.36874pt x 200.75pt>
File: figures_tests/pdf/skern/commonmeter2.pdf Graphic file (type pdf)
<use figures_tests/pdf/skern/commonmeter2.pdf>
Package pdftex.def Info: figures_tests/pdf/skern/commonmeter2.pdf  used on inpu
t line 181.
(pdftex.def)             Requested size: 183.18391pt x 100.37474pt.
<figures_tests/pdf/skern/commonmeter3.pdf, id=271, 364.36125pt x 200.75pt>
File: figures_tests/pdf/skern/commonmeter3.pdf Graphic file (type pdf)
<use figures_tests/pdf/skern/commonmeter3.pdf>
Package pdftex.def Info: figures_tests/pdf/skern/commonmeter3.pdf  used on inpu
t line 183.
(pdftex.def)             Requested size: 182.18018pt x 100.37474pt.
<figures_tests/pdf/skern/commonmeter4.pdf, id=272, 374.39874pt x 200.75pt>
File: figures_tests/pdf/skern/commonmeter4.pdf Graphic file (type pdf)
<use figures_tests/pdf/skern/commonmeter4.pdf>
Package pdftex.def Info: figures_tests/pdf/skern/commonmeter4.pdf  used on inpu
t line 185.
(pdftex.def)             Requested size: 187.19891pt x 100.37474pt.
<figures_tests/pdf/skern/perfectmeter1.pdf, id=273, 364.36125pt x 200.75pt>
File: figures_tests/pdf/skern/perfectmeter1.pdf Graphic file (type pdf)
<use figures_tests/pdf/skern/perfectmeter1.pdf>
Package pdftex.def Info: figures_tests/pdf/skern/perfectmeter1.pdf  used on inp
ut line 188.
(pdftex.def)             Requested size: 182.18018pt x 100.37474pt.
<figures_tests/pdf/skern/perfectmeter2.pdf, id=274, 364.36125pt x 200.75pt>
File: figures_tests/pdf/skern/perfectmeter2.pdf Graphic file (type pdf)
<use figures_tests/pdf/skern/perfectmeter2.pdf>
Package pdftex.def Info: figures_tests/pdf/skern/perfectmeter2.pdf  used on inp
ut line 190.
(pdftex.def)             Requested size: 182.18018pt x 100.37474pt.
 [8 <./figures_tests/pdf/skern/commonmeter1.pdf> <./figures_tests/pdf/skern/com
monmeter2.pdf> <./figures_tests/pdf/skern/commonmeter3.pdf> <./figures_tests/pd
f/skern/commonmeter4.pdf> <./figures_tests/pdf/skern/perfectmeter1.pdf>]
<figures_tests/pdf/skern/perfectmeter3.pdf, id=284, 364.36125pt x 200.75pt>
File: figures_tests/pdf/skern/perfectmeter3.pdf Graphic file (type pdf)
<use figures_tests/pdf/skern/perfectmeter3.pdf>
Package pdftex.def Info: figures_tests/pdf/skern/perfectmeter3.pdf  used on inp
ut line 192.
(pdftex.def)             Requested size: 182.18018pt x 100.37474pt.
<figures_tests/pdf/skern/keysignature1.pdf, id=285, 369.38pt x 200.75pt>
File: figures_tests/pdf/skern/keysignature1.pdf Graphic file (type pdf)
<use figures_tests/pdf/skern/keysignature1.pdf>
Package pdftex.def Info: figures_tests/pdf/skern/keysignature1.pdf  used on inp
ut line 195.
(pdftex.def)             Requested size: 184.68954pt x 100.37474pt.
<figures_tests/pdf/skern/keysignature2.pdf, id=286, 423.5825pt x 200.75pt>
File: figures_tests/pdf/skern/keysignature2.pdf Graphic file (type pdf)
<use figures_tests/pdf/skern/keysignature2.pdf>
Package pdftex.def Info: figures_tests/pdf/skern/keysignature2.pdf  used on inp
ut line 197.
(pdftex.def)             Requested size: 211.79073pt x 100.37474pt.
<figures_tests/pdf/skern/keysignature3.pdf, id=287, 383.4325pt x 200.75pt>
File: figures_tests/pdf/skern/keysignature3.pdf Graphic file (type pdf)
<use figures_tests/pdf/skern/keysignature3.pdf>
Package pdftex.def Info: figures_tests/pdf/skern/keysignature3.pdf  used on inp
ut line 199.
(pdftex.def)             Requested size: 191.71577pt x 100.37474pt.
<figures_tests/pdf/skern/notename.pdf, id=288, 542.025pt x 200.75pt>
File: figures_tests/pdf/skern/notename.pdf Graphic file (type pdf)
<use figures_tests/pdf/skern/notename.pdf>
Package pdftex.def Info: figures_tests/pdf/skern/notename.pdf  used on input li
ne 202.
(pdftex.def)             Requested size: 271.01183pt x 100.37474pt.
 [9 <./figures_tests/pdf/skern/perfectmeter2.pdf> <./figures_tests/pdf/skern/pe
rfectmeter3.pdf> <./figures_tests/pdf/skern/keysignature1.pdf> <./figures_tests
/pdf/skern/keysignature2.pdf> <./figures_tests/pdf/skern/keysignature3.pdf>]
<figures_tests/pdf/skern/notesFullAdds.pdf, id=298, 279.0425pt x 257.96375pt>
File: figures_tests/pdf/skern/notesFullAdds.pdf Graphic file (type pdf)
<use figures_tests/pdf/skern/notesFullAdds.pdf>
Package pdftex.def Info: figures_tests/pdf/skern/notesFullAdds.pdf  used on inp
ut line 204.
(pdftex.def)             Requested size: 139.5209pt x 128.98155pt.
<figures_tests/pdf/skern/ornaments0.pdf, id=299, 282.05376pt x 208.78pt>
File: figures_tests/pdf/skern/ornaments0.pdf Graphic file (type pdf)
<use figures_tests/pdf/skern/ornaments0.pdf>
Package pdftex.def Info: figures_tests/pdf/skern/ornaments0.pdf  used on input 
line 207.
(pdftex.def)             Requested size: 141.02652pt x 104.38972pt.
<figures_tests/pdf/skern/ornaments1.pdf, id=300, 282.05376pt x 200.75pt>
File: figures_tests/pdf/skern/ornaments1.pdf Graphic file (type pdf)
<use figures_tests/pdf/skern/ornaments1.pdf>
Package pdftex.def Info: figures_tests/pdf/skern/ornaments1.pdf  used on input 
line 209.
(pdftex.def)             Requested size: 141.02652pt x 100.37474pt.
<figures_tests/pdf/skern/ornaments2.pdf, id=301, 282.05376pt x 200.75pt>
File: figures_tests/pdf/skern/ornaments2.pdf Graphic file (type pdf)
<use figures_tests/pdf/skern/ornaments2.pdf>
Package pdftex.def Info: figures_tests/pdf/skern/ornaments2.pdf  used on input 
line 211.
(pdftex.def)             Requested size: 141.02652pt x 100.37474pt.
 [10 <./figures_tests/pdf/skern/notename.pdf> <./figures_tests/pdf/skern/notesF
ullAdds.pdf> <./figures_tests/pdf/skern/ornaments0.pdf> <./figures_tests/pdf/sk
ern/ornaments1.pdf>]
<figures_tests/pdf/skern/ornaments3.pdf, id=310, 282.05376pt x 200.75pt>
File: figures_tests/pdf/skern/ornaments3.pdf Graphic file (type pdf)
<use figures_tests/pdf/skern/ornaments3.pdf>
Package pdftex.def Info: figures_tests/pdf/skern/ornaments3.pdf  used on input 
line 213.
(pdftex.def)             Requested size: 141.02652pt x 100.37474pt.
<figures_tests/pdf/skern/ornaments4.pdf, id=311, 282.05376pt x 200.75pt>
File: figures_tests/pdf/skern/ornaments4.pdf Graphic file (type pdf)
<use figures_tests/pdf/skern/ornaments4.pdf>
Package pdftex.def Info: figures_tests/pdf/skern/ornaments4.pdf  used on input 
line 215.
(pdftex.def)             Requested size: 141.02652pt x 100.37474pt.
<figures_tests/pdf/skern/ornaments5.pdf, id=312, 282.05376pt x 200.75pt>
File: figures_tests/pdf/skern/ornaments5.pdf Graphic file (type pdf)
<use figures_tests/pdf/skern/ornaments5.pdf>
Package pdftex.def Info: figures_tests/pdf/skern/ornaments5.pdf  used on input 
line 217.
(pdftex.def)             Requested size: 141.02652pt x 100.37474pt.
<figures_tests/pdf/skern/ornaments6.pdf, id=313, 282.05376pt x 208.78pt>
File: figures_tests/pdf/skern/ornaments6.pdf Graphic file (type pdf)
<use figures_tests/pdf/skern/ornaments6.pdf>
Package pdftex.def Info: figures_tests/pdf/skern/ornaments6.pdf  used on input 
line 219.
(pdftex.def)             Requested size: 141.02652pt x 104.38972pt.
<figures_tests/pdf/skern/rest1.pdf, id=314, 668.4975pt x 200.75pt>
File: figures_tests/pdf/skern/rest1.pdf Graphic file (type pdf)
<use figures_tests/pdf/skern/rest1.pdf>
Package pdftex.def Info: figures_tests/pdf/skern/rest1.pdf  used on input line 
222.
(pdftex.def)             Requested size: 334.24792pt x 100.37474pt.

Overfull \hbox (4.24792pt too wide) in paragraph at lines 222--223
[][] 
 []

[11 <./figures_tests/pdf/skern/ornaments2.pdf> <./figures_tests/pdf/skern/ornam
ents3.pdf> <./figures_tests/pdf/skern/ornaments4.pdf> <./figures_tests/pdf/sker
n/ornaments5.pdf> <./figures_tests/pdf/skern/ornaments6.pdf>]
<figures_tests/pdf/skern/rhythm.pdf, id=324, 1439.3775pt x 208.78pt>
File: figures_tests/pdf/skern/rhythm.pdf Graphic file (type pdf)
<use figures_tests/pdf/skern/rhythm.pdf>
Package pdftex.def Info: figures_tests/pdf/skern/rhythm.pdf  used on input line
 225.
(pdftex.def)             Requested size: 431.81659pt x 62.63448pt.

Overfull \hbox (101.81659pt too wide) in paragraph at lines 225--226
[][] 
 []

<figures_tests/pdf/skern/time.pdf, id=325, 1067.99pt x 205.76875pt>
File: figures_tests/pdf/skern/time.pdf Graphic file (type pdf)
<use figures_tests/pdf/skern/time.pdf>
Package pdftex.def Info: figures_tests/pdf/skern/time.pdf  used on input line 2
27.
(pdftex.def)             Requested size: 320.39948pt x 61.7311pt.
<figures_tests/pdf/skern/slur1.pdf, id=326, 612.2875pt x 200.75pt>
File: figures_tests/pdf/skern/slur1.pdf Graphic file (type pdf)
<use figures_tests/pdf/skern/slur1.pdf>
Package pdftex.def Info: figures_tests/pdf/skern/slur1.pdf  used on input line 
230.
(pdftex.def)             Requested size: 306.143pt x 100.37474pt.
<figures_tests/pdf/skern/slur2.pdf, id=327, 612.2875pt x 200.75pt>
File: figures_tests/pdf/skern/slur2.pdf Graphic file (type pdf)
<use figures_tests/pdf/skern/slur2.pdf>
Package pdftex.def Info: figures_tests/pdf/skern/slur2.pdf  used on input line 
232.
(pdftex.def)             Requested size: 306.143pt x 100.37474pt.
<figures_tests/pdf/skern/stemdirection0.pdf, id=328, 282.05376pt x 200.75pt>
File: figures_tests/pdf/skern/stemdirection0.pdf Graphic file (type pdf)
<use figures_tests/pdf/skern/stemdirection0.pdf>
Package pdftex.def Info: figures_tests/pdf/skern/stemdirection0.pdf  used on in
put line 235.
(pdftex.def)             Requested size: 141.02652pt x 100.37474pt.
[12 <./figures_tests/pdf/skern/rest1.pdf> <./figures_tests/pdf/skern/rhythm.pdf
> <./figures_tests/pdf/skern/time.pdf> <./figures_tests/pdf/skern/slur1.pdf> <.
/figures_tests/pdf/skern/slur2.pdf>]
<figures_tests/pdf/skern/stemdirection1.pdf, id=338, 282.05376pt x 200.75pt>
File: figures_tests/pdf/skern/stemdirection1.pdf Graphic file (type pdf)
<use figures_tests/pdf/skern/stemdirection1.pdf>
Package pdftex.def Info: figures_tests/pdf/skern/stemdirection1.pdf  used on in
put line 237.
(pdftex.def)             Requested size: 141.02652pt x 100.37474pt.
<figures_tests/pdf/skern/ties1.pdf, id=339, 315.1775pt x 200.75pt>
File: figures_tests/pdf/skern/ties1.pdf Graphic file (type pdf)
<use figures_tests/pdf/skern/ties1.pdf>
Package pdftex.def Info: figures_tests/pdf/skern/ties1.pdf  used on input line 
240.
(pdftex.def)             Requested size: 157.58836pt x 100.37474pt.
<figures_tests/pdf/skern/ties2.pdf, id=340, 367.3725pt x 200.75pt>
File: figures_tests/pdf/skern/ties2.pdf Graphic file (type pdf)
<use figures_tests/pdf/skern/ties2.pdf>
Package pdftex.def Info: figures_tests/pdf/skern/ties2.pdf  used on input line 
242.
(pdftex.def)             Requested size: 183.68579pt x 100.37474pt.
<figures_tests/pdf/skern/ties3.pdf, id=341, 459.7175pt x 200.75pt>
File: figures_tests/pdf/skern/ties3.pdf Graphic file (type pdf)
<use figures_tests/pdf/skern/ties3.pdf>
Package pdftex.def Info: figures_tests/pdf/skern/ties3.pdf  used on input line 
244.
(pdftex.def)             Requested size: 229.85818pt x 100.37474pt.
 [13 <./figures_tests/pdf/skern/stemdirection0.pdf> <./figures_tests/pdf/skern/
stemdirection1.pdf> <./figures_tests/pdf/skern/ties1.pdf> <./figures_tests/pdf/
skern/ties2.pdf>]
<figures_tests/pdf/skern/timesignature.pdf, id=352, 388.45125pt x 200.75pt>
File: figures_tests/pdf/skern/timesignature.pdf Graphic file (type pdf)
<use figures_tests/pdf/skern/timesignature.pdf>
Package pdftex.def Info: figures_tests/pdf/skern/timesignature.pdf  used on inp
ut line 247.
(pdftex.def)             Requested size: 194.22514pt x 100.37474pt.
<figures_tests/pdf/skern/timesignature1.pdf, id=353, 575.14874pt x 200.75pt>
File: figures_tests/pdf/skern/timesignature1.pdf Graphic file (type pdf)
<use figures_tests/pdf/skern/timesignature1.pdf>
Package pdftex.def Info: figures_tests/pdf/skern/timesignature1.pdf  used on in
put line 249.
(pdftex.def)             Requested size: 287.57367pt x 100.37474pt.
<figures_tests/pdf/skern/timesignature3.pdf, id=354, 442.65375pt x 200.75pt>
File: figures_tests/pdf/skern/timesignature3.pdf Graphic file (type pdf)
<use figures_tests/pdf/skern/timesignature3.pdf>
Package pdftex.def Info: figures_tests/pdf/skern/timesignature3.pdf  used on in
put line 251.
(pdftex.def)             Requested size: 221.32632pt x 100.37474pt.
<figures_tests/pdf/skern/octaves.pdf, id=355, 620.3175pt x 296.10625pt>
File: figures_tests/pdf/skern/octaves.pdf Graphic file (type pdf)
<use figures_tests/pdf/skern/octaves.pdf>
Package pdftex.def Info: figures_tests/pdf/skern/octaves.pdf  used on input lin
e 254.
(pdftex.def)             Requested size: 310.15799pt x 148.05275pt.
 [14 <./figures_tests/pdf/skern/ties3.pdf> <./figures_tests/pdf/skern/timesigna
ture.pdf> <./figures_tests/pdf/skern/timesignature1.pdf> <./figures_tests/pdf/s
kern/timesignature3.pdf>]
<figures_tests/pdf/skern/changeconfiguration.pdf, id=364, 455.7025pt x 200.75pt
>
File: figures_tests/pdf/skern/changeconfiguration.pdf Graphic file (type pdf)
<use figures_tests/pdf/skern/changeconfiguration.pdf>
Package pdftex.def Info: figures_tests/pdf/skern/changeconfiguration.pdf  used 
on input line 257.
(pdftex.def)             Requested size: 227.85068pt x 100.37474pt.
<figures_tests/pdf/skern/chords.pdf, id=365, 419.5675pt x 200.75pt>
File: figures_tests/pdf/skern/chords.pdf Graphic file (type pdf)
<use figures_tests/pdf/skern/chords.pdf>
Package pdftex.def Info: figures_tests/pdf/skern/chords.pdf  used on input line
 260.
(pdftex.def)             Requested size: 209.78323pt x 100.37474pt.
<figures_tests/pdf/smens/barlines1.pdf, id=366, 1105.12875pt x 383.4325pt>
File: figures_tests/pdf/smens/barlines1.pdf Graphic file (type pdf)
<use figures_tests/pdf/smens/barlines1.pdf>
Package pdftex.def Info: figures_tests/pdf/smens/barlines1.pdf  used on input l
ine 268.
(pdftex.def)             Requested size: 442.04367pt x 153.37029pt.

Overfull \hbox (112.04367pt too wide) in paragraph at lines 268--269
[][] 
 []

[15 <./figures_tests/pdf/skern/octaves.pdf> <./figures_tests/pdf/skern/changeco
nfiguration.pdf> <./figures_tests/pdf/skern/chords.pdf>]
<figures_tests/pdf/smens/dot1.pdf, id=374, 634.37pt x 200.75pt>
File: figures_tests/pdf/smens/dot1.pdf Graphic file (type pdf)
<use figures_tests/pdf/smens/dot1.pdf>
Package pdftex.def Info: figures_tests/pdf/smens/dot1.pdf  used on input line 2
71.
(pdftex.def)             Requested size: 317.18422pt x 100.37474pt.
<figures_tests/pdf/smens/ligature.pdf, id=375, 342.27875pt x 200.75pt>
File: figures_tests/pdf/smens/ligature.pdf Graphic file (type pdf)
<use figures_tests/pdf/smens/ligature.pdf>
Package pdftex.def Info: figures_tests/pdf/smens/ligature.pdf  used on input li
ne 274.
(pdftex.def)             Requested size: 171.13895pt x 100.37474pt.
<figures_tests/pdf/smens/commonmeter1.pdf, id=376, 479.7925pt x 200.75pt>
File: figures_tests/pdf/smens/commonmeter1.pdf Graphic file (type pdf)
<use figures_tests/pdf/smens/commonmeter1.pdf>
Package pdftex.def Info: figures_tests/pdf/smens/commonmeter1.pdf  used on inpu
t line 278.
(pdftex.def)             Requested size: 239.89565pt x 100.37474pt.
 [16 <./figures_tests/pdf/smens/barlines1.pdf> <./figures_tests/pdf/smens/dot1.
pdf> <./figures_tests/pdf/smens/ligature.pdf>]
<figures_tests/pdf/smens/commonmeter2.pdf, id=384, 497.86pt x 200.75pt>
File: figures_tests/pdf/smens/commonmeter2.pdf Graphic file (type pdf)
<use figures_tests/pdf/smens/commonmeter2.pdf>
Package pdftex.def Info: figures_tests/pdf/smens/commonmeter2.pdf  used on inpu
t line 280.
(pdftex.def)             Requested size: 248.92938pt x 100.37474pt.
<figures_tests/pdf/smens/commonmeter3.pdf, id=385, 472.76625pt x 200.75pt>
File: figures_tests/pdf/smens/commonmeter3.pdf Graphic file (type pdf)
<use figures_tests/pdf/smens/commonmeter3.pdf>
Package pdftex.def Info: figures_tests/pdf/smens/commonmeter3.pdf  used on inpu
t line 282.
(pdftex.def)             Requested size: 236.38254pt x 100.37474pt.
<figures_tests/pdf/smens/commonmeter4.pdf, id=386, 543.02875pt x 200.75pt>
File: figures_tests/pdf/smens/commonmeter4.pdf Graphic file (type pdf)
<use figures_tests/pdf/smens/commonmeter4.pdf>
Package pdftex.def Info: figures_tests/pdf/smens/commonmeter4.pdf  used on inpu
t line 284.
(pdftex.def)             Requested size: 271.5137pt x 100.37474pt.
<figures_tests/pdf/smens/commonmeter5.pdf, id=387, 681.54625pt x 200.75pt>
File: figures_tests/pdf/smens/commonmeter5.pdf Graphic file (type pdf)
<use figures_tests/pdf/smens/commonmeter5.pdf>
Package pdftex.def Info: figures_tests/pdf/smens/commonmeter5.pdf  used on inpu
t line 286.
(pdftex.def)             Requested size: 340.7723pt x 100.37474pt.

Overfull \hbox (10.7723pt too wide) in paragraph at lines 286--287
[][] 
 []

<figures_tests/pdf/smens/commonmeter6.pdf, id=388, 939.51pt x 200.75pt>
File: figures_tests/pdf/smens/commonmeter6.pdf Graphic file (type pdf)
<use figures_tests/pdf/smens/commonmeter6.pdf>
Package pdftex.def Info: figures_tests/pdf/smens/commonmeter6.pdf  used on inpu
t line 288.
(pdftex.def)             Requested size: 469.75385pt x 100.37474pt.

Overfull \hbox (139.75385pt too wide) in paragraph at lines 288--289
[][] 
 []

[17 <./figures_tests/pdf/smens/commonmeter1.pdf> <./figures_tests/pdf/smens/com
monmeter2.pdf> <./figures_tests/pdf/smens/commonmeter3.pdf> <./figures_tests/pd
f/smens/commonmeter4.pdf> <./figures_tests/pdf/smens/commonmeter5.pdf>]
<figures_tests/pdf/smens/commonmeter8.pdf, id=399, 681.54625pt x 200.75pt>
File: figures_tests/pdf/smens/commonmeter8.pdf Graphic file (type pdf)
<use figures_tests/pdf/smens/commonmeter8.pdf>
Package pdftex.def Info: figures_tests/pdf/smens/commonmeter8.pdf  used on inpu
t line 290.
(pdftex.def)             Requested size: 340.7723pt x 100.37474pt.

Overfull \hbox (10.7723pt too wide) in paragraph at lines 290--291
[][] 
 []

<figures_tests/pdf/smens/commonmeter9.pdf, id=400, 543.02875pt x 200.75pt>
File: figures_tests/pdf/smens/commonmeter9.pdf Graphic file (type pdf)
<use figures_tests/pdf/smens/commonmeter9.pdf>
Package pdftex.def Info: figures_tests/pdf/smens/commonmeter9.pdf  used on inpu
t line 292.
(pdftex.def)             Requested size: 271.5137pt x 100.37474pt.
<figures_tests/pdf/smens/commonmeter10.pdf, id=401, 472.76625pt x 200.75pt>
File: figures_tests/pdf/smens/commonmeter10.pdf Graphic file (type pdf)
<use figures_tests/pdf/smens/commonmeter10.pdf>
Package pdftex.def Info: figures_tests/pdf/smens/commonmeter10.pdf  used on inp
ut line 294.
(pdftex.def)             Requested size: 236.38254pt x 100.37474pt.
<figures_tests/pdf/smens/commonmeter11.pdf, id=402, 681.54625pt x 200.75pt>
File: figures_tests/pdf/smens/commonmeter11.pdf Graphic file (type pdf)
<use figures_tests/pdf/smens/commonmeter11.pdf>
Package pdftex.def Info: figures_tests/pdf/smens/commonmeter11.pdf  used on inp
ut line 296.
(pdftex.def)             Requested size: 340.7723pt x 100.37474pt.

Overfull \hbox (10.7723pt too wide) in paragraph at lines 296--297
[][] 
 []

<figures_tests/pdf/smens/commonmeter12.pdf, id=403, 681.54625pt x 200.75pt>
File: figures_tests/pdf/smens/commonmeter12.pdf Graphic file (type pdf)
<use figures_tests/pdf/smens/commonmeter12.pdf>
Package pdftex.def Info: figures_tests/pdf/smens/commonmeter12.pdf  used on inp
ut line 298.
(pdftex.def)             Requested size: 340.7723pt x 100.37474pt.

Overfull \hbox (10.7723pt too wide) in paragraph at lines 298--299
[][] 
 []

[18 <./figures_tests/pdf/smens/commonmeter6.pdf> <./figures_tests/pdf/smens/com
monmeter8.pdf> <./figures_tests/pdf/smens/commonmeter9.pdf> <./figures_tests/pd
f/smens/commonmeter10.pdf> <./figures_tests/pdf/smens/commonmeter11.pdf>]
<figures_tests/pdf/smens/perfectmeter1.pdf, id=413, 481.8pt x 200.75pt>
File: figures_tests/pdf/smens/perfectmeter1.pdf Graphic file (type pdf)
<use figures_tests/pdf/smens/perfectmeter1.pdf>
Package pdftex.def Info: figures_tests/pdf/smens/perfectmeter1.pdf  used on inp
ut line 301.
(pdftex.def)             Requested size: 240.8994pt x 100.37474pt.
<figures_tests/pdf/smens/perfectmeter2.pdf, id=414, 399.4925pt x 200.75pt>
File: figures_tests/pdf/smens/perfectmeter2.pdf Graphic file (type pdf)
<use figures_tests/pdf/smens/perfectmeter2.pdf>
Package pdftex.def Info: figures_tests/pdf/smens/perfectmeter2.pdf  used on inp
ut line 303.
(pdftex.def)             Requested size: 199.74576pt x 100.37474pt.
<figures_tests/pdf/smens/perfectmeter3.pdf, id=415, 353.32pt x 200.75pt>
File: figures_tests/pdf/smens/perfectmeter3.pdf Graphic file (type pdf)
<use figures_tests/pdf/smens/perfectmeter3.pdf>
Package pdftex.def Info: figures_tests/pdf/smens/perfectmeter3.pdf  used on inp
ut line 305.
(pdftex.def)             Requested size: 176.65956pt x 100.37474pt.
<figures_tests/pdf/smens/perfectmeter4.pdf, id=416, 481.8pt x 200.75pt>
File: figures_tests/pdf/smens/perfectmeter4.pdf Graphic file (type pdf)
<use figures_tests/pdf/smens/perfectmeter4.pdf>
Package pdftex.def Info: figures_tests/pdf/smens/perfectmeter4.pdf  used on inp
ut line 307.
(pdftex.def)             Requested size: 240.8994pt x 100.37474pt.
<figures_tests/pdf/smens/perfectmeter5.pdf, id=417, 353.32pt x 200.75pt>
File: figures_tests/pdf/smens/perfectmeter5.pdf Graphic file (type pdf)
<use figures_tests/pdf/smens/perfectmeter5.pdf>
Package pdftex.def Info: figures_tests/pdf/smens/perfectmeter5.pdf  used on inp
ut line 309.
(pdftex.def)             Requested size: 176.65956pt x 100.37474pt.

[19 <./figures_tests/pdf/smens/commonmeter12.pdf> <./figures_tests/pdf/smens/pe
rfectmeter1.pdf> <./figures_tests/pdf/smens/perfectmeter2.pdf> <./figures_tests
/pdf/smens/perfectmeter3.pdf> <./figures_tests/pdf/smens/perfectmeter4.pdf>]
<figures_tests/pdf/smens/perfectmeter6.pdf, id=429, 778.91pt x 200.75pt>
File: figures_tests/pdf/smens/perfectmeter6.pdf Graphic file (type pdf)
<use figures_tests/pdf/smens/perfectmeter6.pdf>
Package pdftex.def Info: figures_tests/pdf/smens/perfectmeter6.pdf  used on inp
ut line 311.
(pdftex.def)             Requested size: 389.45406pt x 100.37474pt.

Overfull \hbox (59.45406pt too wide) in paragraph at lines 311--312
[][] 
 []

<figures_tests/pdf/smens/perfectmeter7.pdf, id=430, 481.8pt x 200.75pt>
File: figures_tests/pdf/smens/perfectmeter7.pdf Graphic file (type pdf)
<use figures_tests/pdf/smens/perfectmeter7.pdf>
Package pdftex.def Info: figures_tests/pdf/smens/perfectmeter7.pdf  used on inp
ut line 313.
(pdftex.def)             Requested size: 240.8994pt x 100.37474pt.
<figures_tests/pdf/smens/perfectmeter8.pdf, id=431, 438.63875pt x 200.75pt>
File: figures_tests/pdf/smens/perfectmeter8.pdf Graphic file (type pdf)
<use figures_tests/pdf/smens/perfectmeter8.pdf>
Package pdftex.def Info: figures_tests/pdf/smens/perfectmeter8.pdf  used on inp
ut line 315.
(pdftex.def)             Requested size: 219.31883pt x 100.37474pt.
<figures_tests/pdf/smens/perfectmeter9.pdf, id=432, 353.32pt x 200.75pt>
File: figures_tests/pdf/smens/perfectmeter9.pdf Graphic file (type pdf)
<use figures_tests/pdf/smens/perfectmeter9.pdf>
Package pdftex.def Info: figures_tests/pdf/smens/perfectmeter9.pdf  used on inp
ut line 317.
(pdftex.def)             Requested size: 176.65956pt x 100.37474pt.
<figures_tests/pdf/smens/perfectmeter10.pdf, id=433, 399.4925pt x 200.75pt>
File: figures_tests/pdf/smens/perfectmeter10.pdf Graphic file (type pdf)
<use figures_tests/pdf/smens/perfectmeter10.pdf>
Package pdftex.def Info: figures_tests/pdf/smens/perfectmeter10.pdf  used on in
put line 319.
(pdftex.def)             Requested size: 199.74576pt x 100.37474pt.
[20 <./figures_tests/pdf/smens/perfectmeter5.pdf> <./figures_tests/pdf/smens/pe
rfectmeter6.pdf> <./figures_tests/pdf/smens/perfectmeter7.pdf> <./figures_tests
/pdf/smens/perfectmeter8.pdf> <./figures_tests/pdf/smens/perfectmeter9.pdf>]
<figures_tests/pdf/smens/note1.pdf, id=443, 285.065pt x 200.75pt>
File: figures_tests/pdf/smens/note1.pdf Graphic file (type pdf)
<use figures_tests/pdf/smens/note1.pdf>
Package pdftex.def Info: figures_tests/pdf/smens/note1.pdf  used on input line 
322.
(pdftex.def)             Requested size: 142.53215pt x 100.37474pt.
<figures_tests/pdf/smens/notesufix.pdf, id=444, 1730.465pt x 200.75pt>
File: figures_tests/pdf/smens/notesufix.pdf Graphic file (type pdf)
<use figures_tests/pdf/smens/notesufix.pdf>
Package pdftex.def Info: figures_tests/pdf/smens/notesufix.pdf  used on input l
ine 325.
(pdftex.def)             Requested size: 484.5269pt x 56.20961pt.

Overfull \hbox (154.5269pt too wide) in paragraph at lines 325--326
[][] 
 []

<figures_tests/pdf/smens/rest1.pdf, id=445, 1411.2725pt x 200.75pt>
File: figures_tests/pdf/smens/rest1.pdf Graphic file (type pdf)
<use figures_tests/pdf/smens/rest1.pdf>
Package pdftex.def Info: figures_tests/pdf/smens/rest1.pdf  used on input line 
328.
(pdftex.def)             Requested size: 423.38503pt x 60.22545pt.

Overfull \hbox (93.38503pt too wide) in paragraph at lines 328--329
[][] 
 []

<figures_tests/pdf/smens/rhythm1.pdf, id=446, 1423.3175pt x 200.75pt>
File: figures_tests/pdf/smens/rhythm1.pdf Graphic file (type pdf)
<use figures_tests/pdf/smens/rhythm1.pdf>
Package pdftex.def Info: figures_tests/pdf/smens/rhythm1.pdf  used on input lin
e 331.
(pdftex.def)             Requested size: 426.99855pt x 60.22545pt.

Overfull \hbox (96.99855pt too wide) in paragraph at lines 331--332
[][] 
 []

<figures_tests/pdf/smens/slur1.pdf, id=447, 361.35pt x 200.75pt>
File: figures_tests/pdf/smens/slur1.pdf Graphic file (type pdf)
<use figures_tests/pdf/smens/slur1.pdf>
Package pdftex.def Info: figures_tests/pdf/smens/slur1.pdf  used on input line 
334.
(pdftex.def)             Requested size: 216.81168pt x 120.45091pt.
[21 <./figures_tests/pdf/smens/perfectmeter10.pdf> <./figures_tests/pdf/smens/n
ote1.pdf> <./figures_tests/pdf/smens/notesufix.pdf> <./figures_tests/pdf/smens/
rest1.pdf> <./figures_tests/pdf/smens/rhythm1.pdf>]
<figures_tests/pdf/smens/slur2.pdf, id=457, 361.35pt x 200.75pt>
File: figures_tests/pdf/smens/slur2.pdf Graphic file (type pdf)
<use figures_tests/pdf/smens/slur2.pdf>
Package pdftex.def Info: figures_tests/pdf/smens/slur2.pdf  used on input line 
337.
(pdftex.def)             Requested size: 216.81168pt x 120.45091pt.


LaTeX Warning: Marginpar on page 22 moved.


Underfull \hbox (badness 2269) in paragraph at lines 356--358
[]\T1/lmr/m/n/10 Notacin mu-si-cal crea-da por Da-vid Hu-ron en la de-ca-da de
 1980.
 []


Underfull \hbox (badness 10000) in paragraph at lines 363--365
[]\T1/lmr/m/n/10 Notacin men-su-ral blan-ca de-ri-va-da de **kern
 []

[22 <./figures_tests/pdf/smens/slur1.pdf> <./figures_tests/pdf/smens/slur2.pdf>
]
Package atveryend Info: Empty hook `BeforeClearDocument' on input line 370.
Package atveryend Info: Empty hook `AfterLastShipout' on input line 370.
 (./memoria.aux
LaTeX Info: Redefining \. on input line 25.
LaTeX Info: Redefining \% on input line 25.
)
Package atveryend Info: Executing hook `AtVeryEndDocument' on input line 370.
Package atveryend Info: Executing hook `AtEndAfterFileList' on input line 370.


Package rerunfilecheck Warning: File `memoria.out' has changed.
(rerunfilecheck)                Rerun to get outlines right
(rerunfilecheck)                or use package `bookmark'.

Package rerunfilecheck Info: Checksums for `memoria.out':
(rerunfilecheck)             Before: 0E4369CD5ED618EF748DCBAD3EDAFEEE;2324
(rerunfilecheck)             After:  7C4B5434098A8CBBB84325ABCA42FEF1;2319.

LaTeX Warning: Label(s) may have changed. Rerun to get cross-references right.

Package atveryend Info: Empty hook `AtVeryVeryEnd' on input line 370.
 ) 
Here is how much of TeX's memory you used:
 19323 strings out of 480608
 375717 string characters out of 5903630
 617490 words of memory out of 5000000
 34663 multiletter control sequences out of 15000+600000
 578454 words of font info for 52 fonts, out of 8000000 for 9000
 1141 hyphenation exceptions out of 8191
 68i,9n,83p,625b,962s stack positions out of 5000i,500n,10000p,200000b,80000s
pdfTeX warning (dest): name{subsubsection.1.0.1} has been referenced but does
 not exist, replaced by a fixed one

{/usr/local/texlive/2020/texmf-dist/fonts/enc/dvips/lm/lm-ec.enc}</usr/local/te
xlive/2020/texmf-dist/fonts/type1/public/lm/lmbx10.pfb></usr/local/texlive/2020
/texmf-dist/fonts/type1/public/lm/lmbx12.pfb></usr/local/texlive/2020/texmf-dis
t/fonts/type1/public/lm/lmr10.pfb></usr/local/texlive/2020/texmf-dist/fonts/typ
e1/public/lm/lmr12.pfb></usr/local/texlive/2020/texmf-dist/fonts/type1/public/l
m/lmr17.pfb></usr/local/texlive/2020/texmf-dist/fonts/type1/public/lm/lmr7.pfb>
</usr/local/texlive/2020/texmf-dist/fonts/type1/public/lm/lmtt10.pfb>
Output written on memoria.pdf (22 pages, 377114 bytes).
PDF statistics:
 513 PDF objects out of 1000 (max. 8388607)
 380 compressed objects within 4 object streams
 80 named destinations out of 1000 (max. 500000)
 799 words of extra memory for PDF output out of 10000 (max. 10000000)

